<?xml version="1.0" encoding="UTF-8"?>
<!-- Generated by org.testng.reporters.JUnitXMLReporter -->
<testsuite ignored="0" hostname="LOXTIPL00004542" failures="0" tests="2" name="Test1" time="0.053" errors="0" timestamp="2022-07-03T18:10:27 IST">
  <testcase classname="com.umeshStore.base.BaseClass" name="@BeforeTest loadConfig" time="0.007">
    <failure type="java.lang.Error" message="Unresolved compilation problem: 
	Syntax error, insert &amp;quot;)&amp;quot; to complete Expression
">
      <![CDATA[java.lang.Error: Unresolved compilation problem: 
Syntax error, insert ")" to complete Expression

at com.umeshStore.Utility.ExtentManger.setHtmlReport(ExtentManger.java:15)
at com.umeshStore.base.BaseClass.loadConfig(BaseClass.java:42)
at java.base/java.util.concurrent.FutureTask.run(FutureTask.java:264)
at java.base/java.util.concurrent.ThreadPoolExecutor.runWorker(ThreadPoolExecutor.java:1136)
at java.base/java.util.concurrent.ThreadPoolExecutor$Worker.run(ThreadPoolExecutor.java:635)
at java.base/java.lang.Thread.run(Thread.java:833)
... Removed 13 stack frames]]>
    </failure>
  </testcase> <!-- @BeforeTest loadConfig -->
  <testcase classname="com.umeshStore.base.BaseClass" name="@BeforeTest loadConfig" time="0.007">
    <failure type="java.lang.Error" message="Unresolved compilation problem: 
	Syntax error, insert &amp;quot;)&amp;quot; to complete Expression
">
      <![CDATA[java.lang.Error: Unresolved compilation problem: 
Syntax error, insert ")" to complete Expression

at com.umeshStore.Utility.ExtentManger.setHtmlReport(ExtentManger.java:15)
at com.umeshStore.base.BaseClass.loadConfig(BaseClass.java:42)
at java.base/java.util.concurrent.FutureTask.run(FutureTask.java:264)
at java.base/java.util.concurrent.ThreadPoolExecutor.runWorker(ThreadPoolExecutor.java:1136)
at java.base/java.util.concurrent.ThreadPoolExecutor$Worker.run(ThreadPoolExecutor.java:635)
at java.base/java.lang.Thread.run(Thread.java:833)
... Removed 13 stack frames]]>
    </failure>
  </testcase> <!-- @BeforeTest loadConfig -->
  <testcase classname="com.umeshStore.testcases.IndexPageTest" name="@BeforeMethod setup" time="-1.656852027605E9">
    <skipped/>
  </testcase> <!-- @BeforeMethod setup -->
  <testcase classname="com.umeshStore.testcases.IndexPageTest" name="@BeforeMethod setup" time="-1.656852027605E9">
    <skipped/>
  </testcase> <!-- @BeforeMethod setup -->
  <testcase classname="com.umeshStore.testcases.IndexPageTest" name="@AfterMethod tearDown" time="-1.656852027621E9">
    <skipped/>
  </testcase> <!-- @AfterMethod tearDown -->
  <testcase classname="com.umeshStore.testcases.IndexPageTest" name="@BeforeMethod setup" time="-1.656852027624E9">
    <skipped/>
  </testcase> <!-- @BeforeMethod setup -->
  <testcase classname="com.umeshStore.testcases.IndexPageTest" name="@AfterMethod tearDown" time="-1.656852027624E9">
    <skipped/>
  </testcase> <!-- @AfterMethod tearDown -->
  <testcase classname="com.umeshStore.testcases.IndexPageTest" name="@BeforeMethod setup" time="-1.656852027628E9">
    <skipped/>
  </testcase> <!-- @BeforeMethod setup -->
  <testcase classname="com.umeshStore.testcases.IndexPageTest" name="@AfterMethod tearDown" time="-1.656852027628E9">
    <skipped/>
  </testcase> <!-- @AfterMethod tearDown -->
  <testcase classname="com.umeshStore.testcases.IndexPageTest" name="@AfterMethod tearDown" time="-1.656852027634E9">
    <skipped/>
  </testcase> <!-- @AfterMethod tearDown -->
  <testcase classname="com.umeshStore.testcases.IndexPageTest" name="verifyLogo" time="0.0">
    <skipped/>
  </testcase> <!-- verifyLogo -->
  <testcase classname="com.umeshStore.testcases.IndexPageTest" name="verifyTitleLogo" time="0.0">
    <skipped/>
  </testcase> <!-- verifyTitleLogo -->
</testsuite> <!-- Test1 -->
