<?xml version="1.0" encoding="UTF-8"?>
<!-- Generated by org.testng.reporters.JUnitXMLReporter -->
<testsuite ignored="0" hostname="LOXTIPL00004542" failures="2" tests="2" name="Test3" time="0.087" errors="0" timestamp="2022-07-03T18:10:27 IST">
  <testcase classname="com.umeshStore.testcases.IndexPageTest" name="verifyLogo" time="0.051">
    <failure type="java.lang.AssertionError" message="expected [true] but found [false]">
      <![CDATA[java.lang.AssertionError: expected [true] but found [false]
at com.umeshStore.testcases.IndexPageTest.verifyLogo(IndexPageTest.java:47)
at java.base/java.util.ArrayList.forEach(ArrayList.java:1511)
at java.base/java.util.concurrent.FutureTask.run(FutureTask.java:264)
at java.base/java.util.concurrent.ThreadPoolExecutor.runWorker(ThreadPoolExecutor.java:1136)
at java.base/java.util.concurrent.ThreadPoolExecutor$Worker.run(ThreadPoolExecutor.java:635)
at java.base/java.lang.Thread.run(Thread.java:833)
... Removed 20 stack frames]]>
    </failure>
  </testcase> <!-- verifyLogo -->
  <testcase classname="com.umeshStore.testcases.IndexPageTest" name="verifyTitleLogo" time="0.002">
    <failure type="java.lang.NullPointerException" message="Cannot invoke &amp;quot;org.openqa.selenium.WebDriver.getTitle()&amp;quot; because the return value of &amp;quot;com.umeshStore.pageObjects.Login_Page.getDriver()&amp;quot; is null">
      <![CDATA[java.lang.NullPointerException: Cannot invoke "org.openqa.selenium.WebDriver.getTitle()" because the return value of "com.umeshStore.pageObjects.Login_Page.getDriver()" is null
at com.umeshStore.pageObjects.Login_Page.getUmeshStoreTitle(Login_Page.java:44)
at com.umeshStore.testcases.IndexPageTest.verifyTitleLogo(IndexPageTest.java:58)
at java.base/java.util.ArrayList.forEach(ArrayList.java:1511)
at java.base/java.util.concurrent.FutureTask.run(FutureTask.java:264)
at java.base/java.util.concurrent.ThreadPoolExecutor.runWorker(ThreadPoolExecutor.java:1136)
at java.base/java.util.concurrent.ThreadPoolExecutor$Worker.run(ThreadPoolExecutor.java:635)
at java.base/java.lang.Thread.run(Thread.java:833)
... Removed 16 stack frames]]>
    </failure>
  </testcase> <!-- verifyTitleLogo -->
</testsuite> <!-- Test3 -->
